/*C17*/SET SCHEMA PUBLIC
SET FILES WRITE DELAY FALSE
CREATE TABLE IF NOT EXISTS useraccount (user_id INTEGER GENERATED ALWAYS AS IDENTITY (START WITH 1, INCREMENT BY 1), balance DOUBLE,admin SMALLINT,username VARCHAR(16),email VARCHAR(255),password VARCHAR(32),date_created TIMESTAMP,isBanned SMALLINT,PRIMARY KEY (user_id))
/*C18*/SET SCHEMA PUBLIC
DISCONNECT
/*C19*/SET SCHEMA PUBLIC
SET FILES WRITE DELAY FALSE
CREATE TABLE IF NOT EXISTS emails (email_id INTEGER NOT NULL GENERATED ALWAYS AS IDENTITY (START WITH 1, INCREMENT BY 1),email_text VARCHAR(255),user_id INT NOT NULL REFERENCES useraccount (user_id),everyone SMALLINT,PRIMARY KEY (email_id))
/*C20*/SET SCHEMA PUBLIC
DISCONNECT
/*C21*/SET SCHEMA PUBLIC
SET FILES WRITE DELAY FALSE
CREATE TABLE IF NOT EXISTS products (product_id INTEGER NOT NULL GENERATED ALWAYS AS IDENTITY (START WITH 1, INCREMENT BY 1),name VARCHAR(255),price DOUBLE,approval SMALLINT,description VARCHAR(255),SellerID INTEGER NOT NULL references useraccount(user_id),BuyerID INTEGER references useraccount(user_id),PRIMARY KEY (product_id))
/*C22*/SET SCHEMA PUBLIC
DISCONNECT
/*C23*/SET SCHEMA PUBLIC
SET FILES WRITE DELAY FALSE
CREATE TABLE IF NOT EXISTS Admin (admin_id INTEGER GENERATED ALWAYS AS IDENTITY (START WITH 1, INCREMENT BY 1), privilidge_level INT,user_id INT REFERENCES useraccount (user_id),PRIMARY KEY (admin_id))
/*C24*/SET SCHEMA PUBLIC
DISCONNECT
/*C25*/SET SCHEMA PUBLIC
SET FILES WRITE DELAY FALSE
DISCONNECT
/*C26*/SET SCHEMA PUBLIC
SET FILES WRITE DELAY FALSE
DISCONNECT
/*C27*/SET SCHEMA PUBLIC
SET FILES WRITE DELAY FALSE
DISCONNECT
/*C28*/SET SCHEMA PUBLIC
SET FILES WRITE DELAY FALSE
DISCONNECT
/*C29*/SET SCHEMA PUBLIC
SET FILES WRITE DELAY FALSE
DISCONNECT
/*C30*/SET SCHEMA PUBLIC
SET FILES WRITE DELAY FALSE
DISCONNECT
/*C31*/SET SCHEMA PUBLIC
SET FILES WRITE DELAY FALSE
DISCONNECT
